<?xml version="1.0" encoding="UTF-8"?>
<robot generator="Robot 6.1 (Python 3.8.10 on win32)" generated="20230714 14:36:38.623" rpa="false" schemaversion="4">
<suite id="s1" name="Tc2 Check Firmware Build Time" source="C:\Users\chien\demoRobot\GW040-I\tc2_check_firmware_build_time.robot">
<test id="s1-t1" name="tc2-check firmware build time" line="5">
<kw name="Open Browser" library="Selenium2Library">
<arg>https://192.168.1.1/cgi-bin/login.asp</arg>
<arg>chrome</arg>
<doc>Opens a new browser instance to the optional ``url``.</doc>
<msg timestamp="20230714 14:36:38.882" level="INFO">Opening browser 'chrome' to base url 'https://192.168.1.1/cgi-bin/login.asp'.</msg>
<status status="PASS" starttime="20230714 14:36:38.882" endtime="20230714 14:36:40.450"/>
</kw>
<kw name="Sleep" library="BuiltIn">
<arg>1</arg>
<doc>Pauses the test executed for the given time.</doc>
<msg timestamp="20230714 14:36:41.457" level="INFO">Slept 1 second</msg>
<status status="PASS" starttime="20230714 14:36:40.451" endtime="20230714 14:36:41.457"/>
</kw>
<kw name="Maximize Browser Window" library="Selenium2Library">
<doc>Maximizes current browser window.</doc>
<status status="PASS" starttime="20230714 14:36:41.457" endtime="20230714 14:36:41.570"/>
</kw>
<kw name="Sleep" library="BuiltIn">
<arg>1</arg>
<doc>Pauses the test executed for the given time.</doc>
<msg timestamp="20230714 14:36:42.577" level="INFO">Slept 1 second</msg>
<status status="PASS" starttime="20230714 14:36:41.571" endtime="20230714 14:36:42.577"/>
</kw>
<kw name="Click Element" library="Selenium2Library">
<arg>//*[@id="details-button"]</arg>
<doc>Click the element identified by ``locator``.</doc>
<msg timestamp="20230714 14:36:42.578" level="INFO">Clicking element '//*[@id="details-button"]'.</msg>
<status status="PASS" starttime="20230714 14:36:42.577" endtime="20230714 14:36:42.666"/>
</kw>
<kw name="Sleep" library="BuiltIn">
<arg>1</arg>
<doc>Pauses the test executed for the given time.</doc>
<msg timestamp="20230714 14:36:43.671" level="INFO">Slept 1 second</msg>
<status status="PASS" starttime="20230714 14:36:42.667" endtime="20230714 14:36:43.671"/>
</kw>
<kw name="Click Element" library="Selenium2Library">
<arg>//*[@id="proceed-link"]</arg>
<doc>Click the element identified by ``locator``.</doc>
<msg timestamp="20230714 14:36:43.672" level="INFO">Clicking element '//*[@id="proceed-link"]'.</msg>
<status status="PASS" starttime="20230714 14:36:43.671" endtime="20230714 14:36:43.739"/>
</kw>
<kw name="Sleep" library="BuiltIn">
<arg>1</arg>
<doc>Pauses the test executed for the given time.</doc>
<msg timestamp="20230714 14:36:44.746" level="INFO">Slept 1 second</msg>
<status status="PASS" starttime="20230714 14:36:43.740" endtime="20230714 14:36:44.746"/>
</kw>
<kw name="Input Text" library="Selenium2Library">
<arg>//*[@id="username"]</arg>
<arg>admin</arg>
<doc>Types the given ``text`` into the text field identified by ``locator``.</doc>
<msg timestamp="20230714 14:36:44.747" level="INFO">Typing text 'admin' into text field '//*[@id="username"]'.</msg>
<status status="PASS" starttime="20230714 14:36:44.746" endtime="20230714 14:36:44.855"/>
</kw>
<kw name="Sleep" library="BuiltIn">
<arg>1</arg>
<doc>Pauses the test executed for the given time.</doc>
<msg timestamp="20230714 14:36:45.868" level="INFO">Slept 1 second</msg>
<status status="PASS" starttime="20230714 14:36:44.856" endtime="20230714 14:36:45.868"/>
</kw>
<kw name="Input Text" library="Selenium2Library">
<arg>//*[@id="password"]</arg>
<arg>Abc@13579</arg>
<doc>Types the given ``text`` into the text field identified by ``locator``.</doc>
<msg timestamp="20230714 14:36:45.869" level="INFO">Typing text 'Abc@13579' into text field '//*[@id="password"]'.</msg>
<status status="PASS" starttime="20230714 14:36:45.868" endtime="20230714 14:36:45.984"/>
</kw>
<kw name="Sleep" library="BuiltIn">
<arg>1</arg>
<doc>Pauses the test executed for the given time.</doc>
<msg timestamp="20230714 14:36:46.989" level="INFO">Slept 1 second</msg>
<status status="PASS" starttime="20230714 14:36:45.984" endtime="20230714 14:36:46.989"/>
</kw>
<kw name="Click Element" library="Selenium2Library">
<arg>//*[@id="login_button"]</arg>
<doc>Click the element identified by ``locator``.</doc>
<msg timestamp="20230714 14:36:46.990" level="INFO">Clicking element '//*[@id="login_button"]'.</msg>
<status status="PASS" starttime="20230714 14:36:46.989" endtime="20230714 14:36:47.083"/>
</kw>
<kw name="Sleep" library="BuiltIn">
<arg>1</arg>
<doc>Pauses the test executed for the given time.</doc>
<msg timestamp="20230714 14:36:48.095" level="INFO">Slept 1 second</msg>
<status status="PASS" starttime="20230714 14:36:47.084" endtime="20230714 14:36:48.095"/>
</kw>
<status status="PASS" starttime="20230714 14:36:38.882" endtime="20230714 14:36:48.096"/>
</test>
<status status="PASS" starttime="20230714 14:36:38.625" endtime="20230714 14:36:48.097"/>
</suite>
<statistics>
<total>
<stat pass="1" fail="0" skip="0">All Tests</stat>
</total>
<tag>
</tag>
<suite>
<stat pass="1" fail="0" skip="0" id="s1" name="Tc2 Check Firmware Build Time">Tc2 Check Firmware Build Time</stat>
</suite>
</statistics>
<errors>
</errors>
</robot>
